<?xml version="1.0" encoding="UTF-8"?>
<testng-results skipped="0" failed="0" total="2" passed="2">
  <reporter-output>
  </reporter-output>
  <suite name="Default suite" duration-ms="19285" started-at="2016-09-02T16:54:42Z" finished-at="2016-09-02T16:55:01Z">
    <groups>
    </groups>
    <test name="Default test" duration-ms="19285" started-at="2016-09-02T16:54:42Z" finished-at="2016-09-02T16:55:01Z">
      <class name="demo.VerifyTitle">
        <test-method status="PASS" signature="openBrowser()[pri:0, instance:demo.VerifyTitle@af7cc2]" name="openBrowser" is-config="true" duration-ms="18000" started-at="2016-09-02T22:24:42Z" finished-at="2016-09-02T22:25:00Z">
          <reporter-output>
          </reporter-output>
        </test-method> <!-- openBrowser -->
        <test-method status="PASS" signature="verifyTitle()[pri:0, instance:demo.VerifyTitle@af7cc2]" name="verifyTitle" duration-ms="46" started-at="2016-09-02T22:25:00Z" finished-at="2016-09-02T22:25:00Z">
          <reporter-output>
          </reporter-output>
        </test-method> <!-- verifyTitle -->
        <test-method status="PASS" signature="verifyText()[pri:1, instance:demo.VerifyTitle@af7cc2]" name="verifyText" duration-ms="215" started-at="2016-09-02T22:25:00Z" finished-at="2016-09-02T22:25:00Z">
          <reporter-output>
          </reporter-output>
        </test-method> <!-- verifyText -->
        <test-method status="PASS" signature="closeBrowser()[pri:0, instance:demo.VerifyTitle@af7cc2]" name="closeBrowser" is-config="true" duration-ms="994" started-at="2016-09-02T22:25:00Z" finished-at="2016-09-02T22:25:01Z">
          <reporter-output>
          </reporter-output>
        </test-method> <!-- closeBrowser -->
      </class> <!-- demo.VerifyTitle -->
    </test> <!-- Default test -->
  </suite> <!-- Default suite -->
</testng-results>
